[data] train=78000 val=13000 robust=True
[model] width=3.0 params=471,306
ep01 train_loss=0.06713 val_nme=0.0812 val_F1=0.6163 val_acc=0.6215 *
ep02 train_loss=0.03909 val_nme=0.0620 val_F1=0.8480 val_acc=0.8474 *
ep03 train_loss=0.03168 val_nme=0.0525 val_F1=0.8944 val_acc=0.8939 *
ep04 train_loss=0.02798 val_nme=0.0470 val_F1=0.9193 val_acc=0.9190 *
ep05 train_loss=0.02562 val_nme=0.0461 val_F1=0.9279 val_acc=0.9277 *
ep06 train_loss=0.02413 val_nme=0.0435 val_F1=0.9312 val_acc=0.9308 *
ep07 train_loss=0.02323 val_nme=0.0399 val_F1=0.9443 val_acc=0.9440 *
ep08 train_loss=0.02212 val_nme=0.0405 val_F1=0.9461 val_acc=0.9459 *
ep09 train_loss=0.02143 val_nme=0.0399 val_F1=0.9538 val_acc=0.9538 *
ep10 train_loss=0.02079 val_nme=0.0382 val_F1=0.9549 val_acc=0.9549 *
ep11 train_loss=0.02022 val_nme=0.0374 val_F1=0.9611 val_acc=0.9612 *
ep12 train_loss=0.01960 val_nme=0.0355 val_F1=0.9621 val_acc=0.9621 *
ep13 train_loss=0.01917 val_nme=0.0345 val_F1=0.9611 val_acc=0.9610
ep14 train_loss=0.01882 val_nme=0.0354 val_F1=0.9628 val_acc=0.9628 *
ep15 train_loss=0.01834 val_nme=0.0337 val_F1=0.9679 val_acc=0.9678 *
ep16 train_loss=0.01801 val_nme=0.0337 val_F1=0.9693 val_acc=0.9693 *
ep17 train_loss=0.01753 val_nme=0.0321 val_F1=0.9674 val_acc=0.9674
ep18 train_loss=0.01711 val_nme=0.0317 val_F1=0.9710 val_acc=0.9710 *
ep19 train_loss=0.01673 val_nme=0.0314 val_F1=0.9707 val_acc=0.9707
ep20 train_loss=0.01637 val_nme=0.0311 val_F1=0.9733 val_acc=0.9733 *
ep21 train_loss=0.01600 val_nme=0.0301 val_F1=0.9728 val_acc=0.9728
ep22 train_loss=0.01568 val_nme=0.0295 val_F1=0.9740 val_acc=0.9740 *
ep23 train_loss=0.01530 val_nme=0.0292 val_F1=0.9765 val_acc=0.9765 *
ep24 train_loss=0.01501 val_nme=0.0289 val_F1=0.9770 val_acc=0.9770 *
ep25 train_loss=0.01468 val_nme=0.0287 val_F1=0.9759 val_acc=0.9759
ep26 train_loss=0.01440 val_nme=0.0281 val_F1=0.9774 val_acc=0.9775 *
ep27 train_loss=0.01419 val_nme=0.0280 val_F1=0.9771 val_acc=0.9772
ep28 train_loss=0.01405 val_nme=0.0279 val_F1=0.9774 val_acc=0.9775
ep29 train_loss=0.01391 val_nme=0.0278 val_F1=0.9777 val_acc=0.9777 *
ep30 train_loss=0.01385 val_nme=0.0278 val_F1=0.9777 val_acc=0.9777
[done] best val_F1=0.9777  (frozen-MLP target=0.99114)
